<?xml version="1.0" encoding="UTF-8"?>
<!-- Generated by org.testng.reporters.JUnitXMLReporter -->
<testsuite ignored="0" hostname="DESKTOP-0INDAG6" failures="0" tests="1" name="Test" time="11.148" errors="0" timestamp="2025-07-24T16:10:31 IST">
  <testcase classname="Base.BaseClass" name="@BeforeClass OpenBrowser" time="11.102">
    <failure type="java.lang.RuntimeException" message="Test initialization failed">
      <![CDATA[java.lang.RuntimeException: Test initialization failed
at Base.BaseClass.OpenBrowser(BaseClass.java:63)
at java.base/java.util.ArrayList.forEach(ArrayList.java:1511)
Caused by: java.io.FileNotFoundException: C:\Users\LYXELANDFLAMINGO\Desktop\Merino\Domestic.xlsx (The system cannot find the path specified)
at java.base/java.io.FileInputStream.open0(Native Method)
at java.base/java.io.FileInputStream.open(FileInputStream.java:216)
at java.base/java.io.FileInputStream.<init>(FileInputStream.java:157)
at java.base/java.io.FileInputStream.<init>(FileInputStream.java:111)
at Base.BaseClass.OpenBrowser(BaseClass.java:52)
... 26 more
... Removed 25 stack frames]]>
    </failure>
  </testcase> <!-- @BeforeClass OpenBrowser -->
  <testcase classname="Base.BaseClass" name="@AfterClass TearDown" time="0.0">
    <skipped/>
  </testcase> <!-- @AfterClass TearDown -->
  <testcase classname="domestic.Check" name="TC_01" time="0.0">
    <skipped/>
  </testcase> <!-- TC_01 -->
</testsuite> <!-- Test -->
