<?xml version="1.0" encoding="UTF-8"?>
<testng-results ignored="0" total="2" passed="2" failed="0" skipped="0">
  <reporter-output>
  </reporter-output>
  <suite started-at="2025-04-01T11:46:45 IST" name="Suite" finished-at="2025-04-01T11:48:27 IST" duration-ms="101424">
    <groups>
    </groups>
    <test started-at="2025-04-01T11:46:45 IST" name="Curations Test" finished-at="2025-04-01T11:47:36 IST" duration-ms="50448">
      <class name="domestic.Curations">
        <test-method is-config="true" signature="OpenBrowser()[pri:0, instance:domestic.Curations@6c1a5b54]" started-at="2025-04-01T11:46:46 IST" name="OpenBrowser" finished-at="2025-04-01T11:47:00 IST" duration-ms="14309" status="PASS">
          <reporter-output>
          </reporter-output>
        </test-method> <!-- OpenBrowser -->
        <test-method signature="TC_01()[pri:0, instance:domestic.Curations@6c1a5b54]" started-at="2025-04-01T11:47:00 IST" name="TC_01" description="Open Curation Page and Scroll Down to Form and fill the form with all Valid Input" finished-at="2025-04-01T11:47:36 IST" duration-ms="36060" status="PASS">
          <reporter-output>
          </reporter-output>
        </test-method> <!-- TC_01 -->
      </class> <!-- domestic.Curations -->
    </test> <!-- Curations Test -->
    <test started-at="2025-04-01T11:47:36 IST" name="Download BIM File Form Test" finished-at="2025-04-01T11:48:27 IST" duration-ms="50951">
      <class name="domestic.Download_BIM_File_Form">
        <test-method is-config="true" signature="OpenBrowser()[pri:0, instance:domestic.Download_BIM_File_Form@793f29ff]" started-at="2025-04-01T11:47:36 IST" name="OpenBrowser" finished-at="2025-04-01T11:47:56 IST" duration-ms="20269" status="PASS">
          <reporter-output>
          </reporter-output>
        </test-method> <!-- OpenBrowser -->
        <test-method signature="testBimFormSubmission()[pri:0, instance:domestic.Download_BIM_File_Form@793f29ff]" started-at="2025-04-01T11:47:56 IST" name="testBimFormSubmission" description="Verify BIM form submission with valid inputs" finished-at="2025-04-01T11:48:27 IST" duration-ms="30680" status="PASS">
          <reporter-output>
          </reporter-output>
        </test-method> <!-- testBimFormSubmission -->
      </class> <!-- domestic.Download_BIM_File_Form -->
    </test> <!-- Download BIM File Form Test -->
  </suite> <!-- Suite -->
</testng-results>
