<?xml version="1.0" encoding="UTF-8"?>
<testng-results ignored="0" total="1" passed="1" failed="0" skipped="0">
  <reporter-output>
  </reporter-output>
  <suite started-at="2025-07-23T17:27:21 IST" name="Merinosuite" finished-at="2025-07-23T17:27:48 IST" duration-ms="27794">
    <groups>
    </groups>
    <test started-at="2025-07-23T17:27:21 IST" name="Check Test" finished-at="2025-07-23T17:27:48 IST" duration-ms="27794">
      <class name="domestic.Check">
        <test-method is-config="true" signature="OpenBrowser()[pri:0, instance:domestic.Check@1349883]" started-at="2025-07-23T17:27:21 IST" name="OpenBrowser" finished-at="2025-07-23T17:27:32 IST" duration-ms="11581" status="PASS">
          <reporter-output>
          </reporter-output>
        </test-method> <!-- OpenBrowser -->
        <test-method signature="TC_01()[pri:0, instance:domestic.Check@1349883]" started-at="2025-07-23T17:27:32 IST" name="TC_01" description="Verify test" finished-at="2025-07-23T17:27:48 IST" duration-ms="15494" status="PASS">
          <reporter-output>
          </reporter-output>
        </test-method> <!-- TC_01 -->
        <test-method is-config="true" signature="TearDown()[pri:0, instance:domestic.Check@1349883]" started-at="2025-07-23T17:27:48 IST" name="TearDown" finished-at="2025-07-23T17:27:48 IST" duration-ms="657" status="PASS">
          <reporter-output>
          </reporter-output>
        </test-method> <!-- TearDown -->
      </class> <!-- domestic.Check -->
    </test> <!-- Check Test -->
  </suite> <!-- Merinosuite -->
</testng-results>
