<?xml version="1.0" encoding="UTF-8"?>
<testng-results ignored="0" total="1" passed="1" failed="0" skipped="0">
  <reporter-output>
  </reporter-output>
  <suite started-at="2025-07-25T21:51:39 IST" name="Suite" finished-at="2025-07-25T21:51:50 IST" duration-ms="10773">
    <groups>
    </groups>
    <test started-at="2025-07-25T21:51:39 IST" name="Test" finished-at="2025-07-25T21:51:50 IST" duration-ms="10773">
      <class name="domestic.Check">
        <test-method is-config="true" signature="OpenBrowser()[pri:0, instance:domestic.Check@202b0582]" started-at="2025-07-25T21:51:39 IST" name="OpenBrowser" finished-at="2025-07-25T21:51:43 IST" duration-ms="4240" status="PASS">
          <reporter-output>
          </reporter-output>
        </test-method> <!-- OpenBrowser -->
        <test-method signature="TC_01()[pri:0, instance:domestic.Check@202b0582]" started-at="2025-07-25T21:51:43 IST" name="TC_01" description="Verify test" finished-at="2025-07-25T21:51:49 IST" duration-ms="5857" status="PASS">
          <reporter-output>
          </reporter-output>
        </test-method> <!-- TC_01 -->
        <test-method is-config="true" signature="TearDown()[pri:0, instance:domestic.Check@202b0582]" started-at="2025-07-25T21:51:49 IST" name="TearDown" finished-at="2025-07-25T21:51:50 IST" duration-ms="629" status="PASS">
          <reporter-output>
          </reporter-output>
        </test-method> <!-- TearDown -->
      </class> <!-- domestic.Check -->
    </test> <!-- Test -->
  </suite> <!-- Suite -->
</testng-results>
